********************************************************************************
DUPLICATOR-LITE PACKAGE-LOG: 9 de March de 2020 23:07
NOTICE: Do NOT post to public sites or forums 
********************************************************************************
VERSION:	1.3.28
WORDPRESS:	5.3.2
PHP INFO:	7.4.3 | SAPI: apache2handler
SERVER:		Apache/2.4.41 (Win64) OpenSSL/1.1.1c PHP/7.4.3 
PHP TIME LIMIT: (0) no time limit imposed 
PHP MAX MEMORY: 4294967296 (256M default) 
MEMORY STACK: 6MB

********************************************************************************
DATABASE:
********************************************************************************
BUILD MODE:   MYSQLDUMP
MYSQLTIMEOUT: 5000
MYSQLDUMP:    Is Supported
SQL CREATED: 20200308_sweetcandybrasil_546d0c8f4fc030105058_20200309230550_database.sql
SQL FILE SIZE: 3.18MB (3333058)
SQL FILE TIME: 2020-03-09 23:07:54
SQL RUNTIME: 44.22 sec.

********************************************************************************
ARCHIVE (ZIP):
********************************************************************************
ARCHIVE DIR:  C:/xampp/htdocs/tuxcar
ARCHIVE FILE: 20200308_sweetcandybrasil_546d0c8f4fc030105058_20200309230550_archive.zip
FILTERS: *OFF*
DIRS:
	not set
FILES:
	not set
EXTS:  not set
----------------------------------------
COMPRESSING
SIZE:	329.83MB
STATS:	Dirs 1,132 | Files 9,980
SQL ADDED: 20200308_sweetcandybrasil_546d0c8f4fc030105058_20200309230550_database.sql
