********************************************************************************
DUPLICATOR-LITE PACKAGE-LOG: 8 de March de 2020 13:36
NOTICE: Do NOT post to public sites or forums 
********************************************************************************
VERSION:	1.3.28
WORDPRESS:	5.3.2
PHP INFO:	7.4.3 | SAPI: apache2handler
SERVER:		Apache/2.4.41 (Win64) OpenSSL/1.1.1c PHP/7.4.3 
PHP TIME LIMIT: (0) no time limit imposed 
PHP MAX MEMORY: 4294967296 (256M default) 
MEMORY STACK: 10MB

********************************************************************************
DATABASE:
********************************************************************************
BUILD MODE:   MYSQLDUMP
MYSQLTIMEOUT: 5000
MYSQLDUMP:    Is Supported
SQL CREATED: 20200308_sweetcandybrasil_754753d20316beaa4984_20200308133539_database.sql
SQL FILE SIZE: 1.85MB (1941996)
SQL FILE TIME: 2020-03-08 13:37:13
SQL RUNTIME: 36.48 sec.

********************************************************************************
ARCHIVE (ZIP):
********************************************************************************
ARCHIVE DIR:  C:/xampp/htdocs/tuxcar
ARCHIVE FILE: 20200308_sweetcandybrasil_754753d20316beaa4984_20200308133539_archive.zip
FILTERS: *OFF*
DIRS:
	not set
FILES:
	not set
EXTS:  not set
----------------------------------------
COMPRESSING
SIZE:	159.43MB
STATS:	Dirs 1,106 | Files 10,402
SQL ADDED: 20200308_sweetcandybrasil_754753d20316beaa4984_20200308133539_database.sql
ZipArchive Object
(
    [status] => 0
    [statusSys] => 0
    [numFiles] => 11508
    [filename] => C:\xampp\htdocs\tuxcar\wp-snapshots\tmp\20200308_sweetcandybrasil_754753d20316beaa4984_20200308133539_archive.zip
    [comment] => 
)

FILE ADDED TO ZIP: 11507
COMPRESSION RESULT: '1'
COMPRESSED SIZE: 88.52MB
ARCHIVE RUNTIME: 582.63 sec.
MEMORY STACK: 14MB
building installer
add_extra_files1
add_extra_files2
add_extra_files3
add_extra_files4
Doing archive file check
add_extra_files5
add_extra_files6
add_extra_files8
Successfully opened zip C:/xampp/htdocs/tuxcar/wp-snapshots/tmp/20200308_sweetcandybrasil_754753d20316beaa4984_20200308133539_archive.zip
Adding enhanced installer files to archive using ZipArchive
Installer files added to archive
Added to archive
After ziparchive close when adding installer

********************************************************************************
INTEGRITY CHECKS:
********************************************************************************
SQL FILE: 1.85MB
INSTALLER FILE: 60.53KB
ARCHIVE FILE: 89.97MB 
EXPECTED FILE/DIRECTORY COUNT: 11,508
ACTUAL FILE/DIRECTORY COUNT: 11,507
ARCHIVE CONSISTENCY TEST: Pass

********************************************************************************
RECORD ID:[1]
TOTAL PROCESS RUNTIME: 635.99 sec.
PEAK PHP MEMORY USED: 16MB
DONE PROCESSING => 20200308_sweetcandybrasil 8 de March de 2020 13:47

